<?xml version="1.0" encoding="UTF-8"?>
<testsuite xmlns:xsi="http://www.w3.org/2001/XMLSchema-instance" xsi:schemaLocation="https://maven.apache.org/surefire/maven-surefire-plugin/xsd/surefire-test-report.xsd" name="com.example.demo.controllers.UserControllerTest" time="0.019" tests="6" errors="0" skipped="0" failures="0">
  <properties>
[...]
</properties>
  <testcase name="whenCreationRequestIsWithoutMatchingPassword_thenUserIsNotCreated" classname="com.example.demo.controllers.UserControllerTest" time="0.001"/>
  <testcase name="whenFindUserById_thenUserIsReturned" classname="com.example.demo.controllers.UserControllerTest" time="0"/>
  <testcase name="whenCreationRequestHasValidCredentials_thenUserIsCreated" classname="com.example.demo.controllers.UserControllerTest" time="0.002"/>
  <testcase name="whenFindUserByUsername_thenUserIsReturned" classname="com.example.demo.controllers.UserControllerTest" time="0"/>
  <testcase name="whenCreationRequestHasInvalidPassword_thenUserIsNotCreated" classname="com.example.demo.controllers.UserControllerTest" time="0.001"/>
  <testcase name="whenFindUserByNonExistentUsername_thenNotFoundErrorIsReturned" classname="com.example.demo.controllers.UserControllerTest" time="0"/>
</testsuite>